ready file /Pace-2024-ectf/application_processor/wolfssl/wolfssl_resume_ready170472
-r          Resume session

Starting example server for resume test...


Resume test supported
./examples/server/server -r -R "/Pace-2024-ectf/application_processor/wolfssl/wolfssl_resume_ready170472" -p 0
waiting for ready file...
found ready file, starting client...
./examples/client/client  -r -p 35741
SSL version is TLSv1.2
SSL cipher suite is TLS_ECDHE_RSA_WITH_AES_256_GCM_SHA384
SSL curve name is SECP256R1
Client message: hello wolfssl!
SSL version is TLSv1.2
SSL cipher suite is TLS_ECDHE_RSA_WITH_AES_256_GCM_SHA384
SSL reused session
Client message: resuming wolfssl!
removing existing ready file
resumed session

Repeating resume test without extended master secret...

Starting example server for resume test...


Resume test supported
./examples/server/server -r -R "/Pace-2024-ectf/application_processor/wolfssl/wolfssl_resume_ready170472" -p 35741
waiting for ready file...
found ready file, starting client...
./examples/client/client -n -r -p 35741
SSL version is TLSv1.2
SSL cipher suite is TLS_ECDHE_RSA_WITH_AES_256_GCM_SHA384
SSL curve name is SECP256R1
Client message: hello wolfssl!
SSL version is TLSv1.2
SSL cipher suite is TLS_ECDHE_RSA_WITH_AES_256_GCM_SHA384
SSL reused session
Client message: resuming wolfssl!
removing existing ready file
resumed session

Success!

PASS scripts/resume.test (exit status: 0)
